[main] INFO org.mongodb.driver.client - MongoClient with metadata {"driver": {"name": "mongo-java-driver|sync", "version": "4.11.1"}, "os": {"type": "Linux", "name": "Linux", "architecture": "amd64", "version": "6.6.87.2-microsoft-standard-WSL2"}, "platform": "Java/Eclipse Adoptium/17.0.18+8"} created with settings MongoClientSettings{readPreference=primary, writeConcern=WriteConcern{w=null, wTimeout=null ms, journal=null}, retryWrites=true, retryReads=true, readConcern=ReadConcern{level=null}, credential=null, transportSettings=null, streamFactoryFactory=null, commandListeners=[], codecRegistry=ProvidersCodecRegistry{codecProviders=[ValueCodecProvider{}, BsonValueCodecProvider{}, DBRefCodecProvider{}, DBObjectCodecProvider{}, DocumentCodecProvider{}, CollectionCodecProvider{}, IterableCodecProvider{}, MapCodecProvider{}, GeoJsonCodecProvider{}, GridFSFileCodecProvider{}, Jsr310CodecProvider{}, JsonObjectCodecProvider{}, BsonCodecProvider{}, EnumCodecProvider{}, com.mongodb.client.model.mql.ExpressionCodecProvider@52525845, com.mongodb.Jep395RecordCodecProvider@3b94d659, com.mongodb.KotlinCodecProvider@24b1d79b]}, loggerSettings=LoggerSettings{maxDocumentLength=1000}, clusterSettings={hosts=[localhost:27017], srvServiceName=mongodb, mode=SINGLE, requiredClusterType=UNKNOWN, requiredReplicaSetName='null', serverSelector='null', clusterListeners='[]', serverSelectionTimeout='30000 ms', localThreshold='15 ms'}, socketSettings=SocketSettings{connectTimeoutMS=10000, readTimeoutMS=0, receiveBufferSize=0, proxySettings=ProxySettings{host=null, port=null, username=null, password=null}}, heartbeatSocketSettings=SocketSettings{connectTimeoutMS=10000, readTimeoutMS=10000, receiveBufferSize=0, proxySettings=ProxySettings{host=null, port=null, username=null, password=null}}, connectionPoolSettings=ConnectionPoolSettings{maxSize=100, minSize=0, maxWaitTimeMS=120000, maxConnectionLifeTimeMS=0, maxConnectionIdleTimeMS=0, maintenanceInitialDelayMS=0, maintenanceFrequencyMS=60000, connectionPoolListeners=[], maxConnecting=2}, serverSettings=ServerSettings{heartbeatFrequencyMS=10000, minHeartbeatFrequencyMS=500, serverListeners='[]', serverMonitorListeners='[]'}, sslSettings=SslSettings{enabled=false, invalidHostNameAllowed=false, context=null}, applicationName='null', compressorList=[], uuidRepresentation=UNSPECIFIED, serverApi=null, autoEncryptionSettings=null, dnsClient=null, inetAddressResolver=null, contextProvider=null}
[cluster-ClusterId{value='69923f04c583d27858c4aa8c', description='null'}-localhost:27017] INFO org.mongodb.driver.cluster - Exception in monitor thread while connecting to server localhost:27017
com.mongodb.MongoSocketOpenException: Exception opening socket
	at com.mongodb.internal.connection.SocketStream.lambda$open$0(SocketStream.java:84)
	at java.base/java.util.Optional.orElseThrow(Unknown Source)
	at com.mongodb.internal.connection.SocketStream.open(SocketStream.java:84)
	at com.mongodb.internal.connection.InternalStreamConnection.open(InternalStreamConnection.java:211)
	at com.mongodb.internal.connection.DefaultServerMonitor$ServerMonitorRunnable.lookupServerDescription(DefaultServerMonitor.java:196)
	at com.mongodb.internal.connection.DefaultServerMonitor$ServerMonitorRunnable.run(DefaultServerMonitor.java:156)
	at java.base/java.lang.Thread.run(Unknown Source)
Caused by: java.net.ConnectException: Connection refused
	at java.base/sun.nio.ch.Net.pollConnect(Native Method)
	at java.base/sun.nio.ch.Net.pollConnectNow(Unknown Source)
	at java.base/sun.nio.ch.NioSocketImpl.timedFinishConnect(Unknown Source)
	at java.base/sun.nio.ch.NioSocketImpl.connect(Unknown Source)
	at java.base/java.net.SocksSocketImpl.connect(Unknown Source)
	at java.base/java.net.Socket.connect(Unknown Source)
	at com.mongodb.internal.connection.SocketStreamHelper.initialize(SocketStreamHelper.java:76)
	at com.mongodb.internal.connection.SocketStream.initializeSocket(SocketStream.java:104)
	at com.mongodb.internal.connection.SocketStream.open(SocketStream.java:78)
	... 4 more
[main] INFO org.mongodb.driver.cluster - No server chosen by ReadPreferenceServerSelector{readPreference=primary} from cluster description ClusterDescription{type=UNKNOWN, connectionMode=SINGLE, serverDescriptions=[ServerDescription{address=localhost:27017, type=UNKNOWN, state=CONNECTING, exception={com.mongodb.MongoSocketOpenException: Exception opening socket}, caused by {java.net.ConnectException: Connection refused}}]}. Waiting for 30000 ms before timing out
[main] INFO org.mongodb.driver.client - MongoClient with metadata {"driver": {"name": "mongo-java-driver|sync", "version": "4.11.1"}, "os": {"type": "Linux", "name": "Linux", "architecture": "amd64", "version": "6.6.87.2-microsoft-standard-WSL2"}, "platform": "Java/Eclipse Adoptium/17.0.18+8"} created with settings MongoClientSettings{readPreference=primary, writeConcern=WriteConcern{w=null, wTimeout=null ms, journal=null}, retryWrites=true, retryReads=true, readConcern=ReadConcern{level=null}, credential=null, transportSettings=null, streamFactoryFactory=null, commandListeners=[], codecRegistry=ProvidersCodecRegistry{codecProviders=[ValueCodecProvider{}, BsonValueCodecProvider{}, DBRefCodecProvider{}, DBObjectCodecProvider{}, DocumentCodecProvider{}, CollectionCodecProvider{}, IterableCodecProvider{}, MapCodecProvider{}, GeoJsonCodecProvider{}, GridFSFileCodecProvider{}, Jsr310CodecProvider{}, JsonObjectCodecProvider{}, BsonCodecProvider{}, EnumCodecProvider{}, com.mongodb.client.model.mql.ExpressionCodecProvider@52525845, com.mongodb.Jep395RecordCodecProvider@3b94d659, com.mongodb.KotlinCodecProvider@24b1d79b]}, loggerSettings=LoggerSettings{maxDocumentLength=1000}, clusterSettings={hosts=[host.docker.internal:27017], srvServiceName=mongodb, mode=SINGLE, requiredClusterType=UNKNOWN, requiredReplicaSetName='null', serverSelector='null', clusterListeners='[]', serverSelectionTimeout='30000 ms', localThreshold='15 ms'}, socketSettings=SocketSettings{connectTimeoutMS=10000, readTimeoutMS=0, receiveBufferSize=0, proxySettings=ProxySettings{host=null, port=null, username=null, password=null}}, heartbeatSocketSettings=SocketSettings{connectTimeoutMS=10000, readTimeoutMS=10000, receiveBufferSize=0, proxySettings=ProxySettings{host=null, port=null, username=null, password=null}}, connectionPoolSettings=ConnectionPoolSettings{maxSize=100, minSize=0, maxWaitTimeMS=120000, maxConnectionLifeTimeMS=0, maxConnectionIdleTimeMS=0, maintenanceInitialDelayMS=0, maintenanceFrequencyMS=60000, connectionPoolListeners=[], maxConnecting=2}, serverSettings=ServerSettings{heartbeatFrequencyMS=10000, minHeartbeatFrequencyMS=500, serverListeners='[]', serverMonitorListeners='[]'}, sslSettings=SslSettings{enabled=false, invalidHostNameAllowed=false, context=null}, applicationName='null', compressorList=[], uuidRepresentation=UNSPECIFIED, serverApi=null, autoEncryptionSettings=null, dnsClient=null, inetAddressResolver=null, contextProvider=null}
[cluster-ClusterId{value='69923f22c583d27858c4aa8d', description='null'}-host.docker.internal:27017] INFO org.mongodb.driver.cluster - Monitor thread successfully connected to server with description ServerDescription{address=host.docker.internal:27017, type=STANDALONE, state=CONNECTED, ok=true, minWireVersion=0, maxWireVersion=21, maxDocumentSize=16777216, logicalSessionTimeoutMinutes=30, roundTripTimeNanos=18600742}
[main] INFO io.javalin.Javalin - Starting Javalin ...
[main] INFO org.eclipse.jetty.server.Server - jetty-11.0.15; built: 2023-04-11T18:37:53.775Z; git: 5bc5e562c8d05c5862505aebe5cf83a61bdbcb96; jvm 17.0.18+8
[main] INFO org.eclipse.jetty.server.session.DefaultSessionIdManager - Session workerName=node0
[main] INFO org.eclipse.jetty.server.handler.ContextHandler - Started i.j.j.@52066604{/,null,AVAILABLE}
[main] INFO org.eclipse.jetty.server.AbstractConnector - Started ServerConnector@60856961{HTTP/1.1, (http/1.1)}{0.0.0.0:8000}
[main] INFO org.eclipse.jetty.server.Server - Started Server@3d3e5463{STARTING}[11.0.15,sto=0] @30940ms
[main] INFO io.javalin.Javalin - 
       __                  ___          ______
      / /___ __   ______ _/ (_)___     / ____/
 __  / / __ `/ | / / __ `/ / / __ \   /___ \
/ /_/ / /_/ /| |/ / /_/ / / / / / /  ____/ /
\____/\__,_/ |___/\__,_/_/_/_/ /_/  /_____/

       https://javalin.io/documentation

[main] INFO io.javalin.Javalin - Static file handler added: StaticFileConfig(hostedPath=/, directory=public/templates, location=CLASSPATH, precompress=false, aliasCheck=null, headers={Cache-Control=max-age=0}, skipFileFunction=Function1<jakarta.servlet.http.HttpServletRequest, java.lang.Boolean>, mimeTypes=io.javalin.http.staticfiles.MimeTypesConfig@2cc3ad05). File system location: 'jar:file:/app/app.jar!/public/templates'
[main] INFO io.javalin.Javalin - Static file handler added: StaticFileConfig(hostedPath=/, directory=public, location=CLASSPATH, precompress=false, aliasCheck=null, headers={Cache-Control=max-age=0}, skipFileFunction=Function1<jakarta.servlet.http.HttpServletRequest, java.lang.Boolean>, mimeTypes=io.javalin.http.staticfiles.MimeTypesConfig@78365cfa). File system location: 'jar:file:/app/app.jar!/public'
[main] INFO io.javalin.Javalin - Listening on http://localhost:8000/
[main] INFO io.javalin.Javalin - You are running Javalin 5.6.1 (released June 22, 2023. Your Javalin version is 969 days old. Consider checking for a newer version.).
[main] INFO io.javalin.Javalin - Javalin started in 303ms \o/
[main] INFO io.javalin.Javalin - '.html' is already registered to class io.javalin.rendering.template.JavalinThymeleaf. Overriding.
[main] INFO io.javalin.Javalin - '.html' is already registered to class io.javalin.rendering.template.JavalinThymeleaf. Overriding.
[main] INFO io.javalin.Javalin - '.html' is already registered to class io.javalin.rendering.template.JavalinThymeleaf. Overriding.
[JettyServerThreadPool-48] ERROR org.thymeleaf.TemplateEngine - [THYMELEAF][JettyServerThreadPool-48] Exception processing template "/public/templates/Login.html": An error happened during template parsing (template: "public/templates/Login.html")
org.thymeleaf.exceptions.TemplateInputException: An error happened during template parsing (template: "public/templates/Login.html")
	at org.thymeleaf.templateparser.markup.AbstractMarkupTemplateParser.parse(AbstractMarkupTemplateParser.java:235)
	at org.thymeleaf.templateparser.markup.AbstractMarkupTemplateParser.parseStandalone(AbstractMarkupTemplateParser.java:100)
	at org.thymeleaf.engine.TemplateManager.parseAndProcess(TemplateManager.java:649)
	at org.thymeleaf.TemplateEngine.process(TemplateEngine.java:1103)
	at org.thymeleaf.TemplateEngine.process(TemplateEngine.java:1064)
	at org.thymeleaf.TemplateEngine.process(TemplateEngine.java:1053)
	at io.javalin.rendering.template.JavalinThymeleaf.render(JavalinThymeleaf.kt:30)
	at io.javalin.rendering.JavalinRenderer.renderBasedOnExtension(JavalinRenderer.kt:33)
	at io.javalin.rendering.LegacyFileRenderer.render(JavalinRenderer.kt:20)
	at io.javalin.http.Context.render(Context.kt:452)
	at io.javalin.http.Context.render(Context.kt:455)
	at proyecto.controllers.UserController.lambda$aplicarRutas$6(UserController.java:77)
	at io.javalin.routing.HandlerEntry.handle(HandlerEntry.kt:19)
	at io.javalin.http.servlet.DefaultTasks.HTTP$lambda$8$lambda$6$lambda$5(DefaultTasks.kt:39)
	at io.javalin.http.servlet.JavalinServlet.handleTask(JavalinServlet.kt:88)
	at io.javalin.http.servlet.JavalinServlet.handleSync(JavalinServlet.kt:53)
	at io.javalin.http.servlet.JavalinServlet.service(JavalinServlet.kt:41)
	at jakarta.servlet.http.HttpServlet.service(HttpServlet.java:587)
	at io.javalin.jetty.JavalinJettyServlet.service(JavalinJettyServlet.kt:58)
	at jakarta.servlet.http.HttpServlet.service(HttpServlet.java:587)
	at org.eclipse.jetty.servlet.ServletHolder.handle(ServletHolder.java:764)
	at org.eclipse.jetty.servlet.ServletHandler.doHandle(ServletHandler.java:529)
	at org.eclipse.jetty.server.handler.ScopedHandler.nextHandle(ScopedHandler.java:221)
	at org.eclipse.jetty.server.session.SessionHandler.doHandle(SessionHandler.java:1570)
	at org.eclipse.jetty.server.handler.ScopedHandler.nextHandle(ScopedHandler.java:221)
	at io.javalin.jetty.JettyServer$start$wsAndHttpHandler$1.doHandle(JettyServer.kt:61)
	at org.eclipse.jetty.server.handler.ScopedHandler.nextScope(ScopedHandler.java:176)
	at org.eclipse.jetty.servlet.ServletHandler.doScope(ServletHandler.java:484)
	at org.eclipse.jetty.server.session.SessionHandler.doScope(SessionHandler.java:1543)
	at org.eclipse.jetty.server.handler.ScopedHandler.nextScope(ScopedHandler.java:174)
	at org.eclipse.jetty.server.handler.ContextHandler.doScope(ContextHandler.java:1303)
	at org.eclipse.jetty.server.handler.ScopedHandler.handle(ScopedHandler.java:129)
	at org.eclipse.jetty.server.handler.StatisticsHandler.handle(StatisticsHandler.java:173)
	at org.eclipse.jetty.server.handler.HandlerWrapper.handle(HandlerWrapper.java:122)
	at org.eclipse.jetty.server.Server.handle(Server.java:563)
	at org.eclipse.jetty.server.HttpChannel.lambda$handle$0(HttpChannel.java:505)
	at org.eclipse.jetty.server.HttpChannel.dispatch(HttpChannel.java:762)
	at org.eclipse.jetty.server.HttpChannel.handle(HttpChannel.java:497)
	at org.eclipse.jetty.server.HttpConnection.onFillable(HttpConnection.java:282)
	at org.eclipse.jetty.io.AbstractConnection$ReadCallback.succeeded(AbstractConnection.java:314)
	at org.eclipse.jetty.io.FillInterest.fillable(FillInterest.java:100)
	at org.eclipse.jetty.io.SelectableChannelEndPoint$1.run(SelectableChannelEndPoint.java:53)
	at org.eclipse.jetty.util.thread.strategy.AdaptiveExecutionStrategy.runTask(AdaptiveExecutionStrategy.java:416)
	at org.eclipse.jetty.util.thread.strategy.AdaptiveExecutionStrategy.consumeTask(AdaptiveExecutionStrategy.java:385)
	at org.eclipse.jetty.util.thread.strategy.AdaptiveExecutionStrategy.tryProduce(AdaptiveExecutionStrategy.java:272)
	at org.eclipse.jetty.util.thread.strategy.AdaptiveExecutionStrategy.lambda$new$0(AdaptiveExecutionStrategy.java:140)
	at org.eclipse.jetty.util.thread.ReservedThreadExecutor$ReservedThread.run(ReservedThreadExecutor.java:411)
	at org.eclipse.jetty.util.thread.QueuedThreadPool.runJob(QueuedThreadPool.java:969)
	at org.eclipse.jetty.util.thread.QueuedThreadPool$Runner.doRunJob(QueuedThreadPool.java:1194)
	at org.eclipse.jetty.util.thread.QueuedThreadPool$Runner.run(QueuedThreadPool.java:1149)
	at java.base/java.lang.Thread.run(Unknown Source)
Caused by: java.io.FileNotFoundException: ClassLoader resource "public/templates/Login.html" could not be resolved
	at org.thymeleaf.templateresource.ClassLoaderTemplateResource.reader(ClassLoaderTemplateResource.java:130)
	at org.thymeleaf.templateparser.markup.AbstractMarkupTemplateParser.parse(AbstractMarkupTemplateParser.java:223)
	... 50 more
[JettyServerThreadPool-48] WARN io.javalin.Javalin - Uncaught exception
org.thymeleaf.exceptions.TemplateInputException: An error happened during template parsing (template: "public/templates/Login.html")
	at org.thymeleaf.templateparser.markup.AbstractMarkupTemplateParser.parse(AbstractMarkupTemplateParser.java:235)
	at org.thymeleaf.templateparser.markup.AbstractMarkupTemplateParser.parseStandalone(AbstractMarkupTemplateParser.java:100)
	at org.thymeleaf.engine.TemplateManager.parseAndProcess(TemplateManager.java:649)
	at org.thymeleaf.TemplateEngine.process(TemplateEngine.java:1103)
	at org.thymeleaf.TemplateEngine.process(TemplateEngine.java:1064)
	at org.thymeleaf.TemplateEngine.process(TemplateEngine.java:1053)
	at io.javalin.rendering.template.JavalinThymeleaf.render(JavalinThymeleaf.kt:30)
	at io.javalin.rendering.JavalinRenderer.renderBasedOnExtension(JavalinRenderer.kt:33)
	at io.javalin.rendering.LegacyFileRenderer.render(JavalinRenderer.kt:20)
	at io.javalin.http.Context.render(Context.kt:452)
	at io.javalin.http.Context.render(Context.kt:455)
	at proyecto.controllers.UserController.lambda$aplicarRutas$6(UserController.java:77)
	at io.javalin.routing.HandlerEntry.handle(HandlerEntry.kt:19)
	at io.javalin.http.servlet.DefaultTasks.HTTP$lambda$8$lambda$6$lambda$5(DefaultTasks.kt:39)
	at io.javalin.http.servlet.JavalinServlet.handleTask(JavalinServlet.kt:88)
	at io.javalin.http.servlet.JavalinServlet.handleSync(JavalinServlet.kt:53)
	at io.javalin.http.servlet.JavalinServlet.service(JavalinServlet.kt:41)
	at jakarta.servlet.http.HttpServlet.service(HttpServlet.java:587)
	at io.javalin.jetty.JavalinJettyServlet.service(JavalinJettyServlet.kt:58)
	at jakarta.servlet.http.HttpServlet.service(HttpServlet.java:587)
	at org.eclipse.jetty.servlet.ServletHolder.handle(ServletHolder.java:764)
	at org.eclipse.jetty.servlet.ServletHandler.doHandle(ServletHandler.java:529)
	at org.eclipse.jetty.server.handler.ScopedHandler.nextHandle(ScopedHandler.java:221)
	at org.eclipse.jetty.server.session.SessionHandler.doHandle(SessionHandler.java:1570)
	at org.eclipse.jetty.server.handler.ScopedHandler.nextHandle(ScopedHandler.java:221)
	at io.javalin.jetty.JettyServer$start$wsAndHttpHandler$1.doHandle(JettyServer.kt:61)
	at org.eclipse.jetty.server.handler.ScopedHandler.nextScope(ScopedHandler.java:176)
	at org.eclipse.jetty.servlet.ServletHandler.doScope(ServletHandler.java:484)
	at org.eclipse.jetty.server.session.SessionHandler.doScope(SessionHandler.java:1543)
	at org.eclipse.jetty.server.handler.ScopedHandler.nextScope(ScopedHandler.java:174)
	at org.eclipse.jetty.server.handler.ContextHandler.doScope(ContextHandler.java:1303)
	at org.eclipse.jetty.server.handler.ScopedHandler.handle(ScopedHandler.java:129)
	at org.eclipse.jetty.server.handler.StatisticsHandler.handle(StatisticsHandler.java:173)
	at org.eclipse.jetty.server.handler.HandlerWrapper.handle(HandlerWrapper.java:122)
	at org.eclipse.jetty.server.Server.handle(Server.java:563)
	at org.eclipse.jetty.server.HttpChannel.lambda$handle$0(HttpChannel.java:505)
	at org.eclipse.jetty.server.HttpChannel.dispatch(HttpChannel.java:762)
	at org.eclipse.jetty.server.HttpChannel.handle(HttpChannel.java:497)
	at org.eclipse.jetty.server.HttpConnection.onFillable(HttpConnection.java:282)
	at org.eclipse.jetty.io.AbstractConnection$ReadCallback.succeeded(AbstractConnection.java:314)
	at org.eclipse.jetty.io.FillInterest.fillable(FillInterest.java:100)
	at org.eclipse.jetty.io.SelectableChannelEndPoint$1.run(SelectableChannelEndPoint.java:53)
	at org.eclipse.jetty.util.thread.strategy.AdaptiveExecutionStrategy.runTask(AdaptiveExecutionStrategy.java:416)
	at org.eclipse.jetty.util.thread.strategy.AdaptiveExecutionStrategy.consumeTask(AdaptiveExecutionStrategy.java:385)
	at org.eclipse.jetty.util.thread.strategy.AdaptiveExecutionStrategy.tryProduce(AdaptiveExecutionStrategy.java:272)
	at org.eclipse.jetty.util.thread.strategy.AdaptiveExecutionStrategy.lambda$new$0(AdaptiveExecutionStrategy.java:140)
	at org.eclipse.jetty.util.thread.ReservedThreadExecutor$ReservedThread.run(ReservedThreadExecutor.java:411)
	at org.eclipse.jetty.util.thread.QueuedThreadPool.runJob(QueuedThreadPool.java:969)
	at org.eclipse.jetty.util.thread.QueuedThreadPool$Runner.doRunJob(QueuedThreadPool.java:1194)
	at org.eclipse.jetty.util.thread.QueuedThreadPool$Runner.run(QueuedThreadPool.java:1149)
	at java.base/java.lang.Thread.run(Unknown Source)
Caused by: java.io.FileNotFoundException: ClassLoader resource "public/templates/Login.html" could not be resolved
	at org.thymeleaf.templateresource.ClassLoaderTemplateResource.reader(ClassLoaderTemplateResource.java:130)
	at org.thymeleaf.templateparser.markup.AbstractMarkupTemplateParser.parse(AbstractMarkupTemplateParser.java:223)
	... 50 more
